<?xml version="1.0" encoding="UTF-8"?>
<!-- Generated by org.testng.reporters.JUnitXMLReporter -->
<testsuite ignored="0" hostname="prvlenovo" failures="0" tests="1" name="ChromeTest" time="0.115" errors="0" timestamp="2025-03-27T10:58:50 IST">
  <testcase classname="automationCore.Base" name="@BeforeMethod initialiseBrowser" time="-1.743053329984E9">
    <failure type="org.testng.TestNGException" message="
Parameter &amp;apos;Browser&amp;apos; is required by BeforeMethod on method initialiseBrowser but has not been marked @Optional or defined
in C:\Users\prade\eclipse-workspace\7rmartSupermarket\crossbrowsertestng.xml">
      <![CDATA[org.testng.TestNGException: 
Parameter 'Browser' is required by BeforeMethod on method initialiseBrowser but has not been marked @Optional or defined
in C:\Users\prade\eclipse-workspace\7rmartSupermarket\crossbrowsertestng.xml
at java.base/java.util.ArrayList.forEach(ArrayList.java:1596)
... Removed 28 stack frames]]>
    </failure>
  </testcase> <!-- @BeforeMethod initialiseBrowser -->
  <testcase classname="automationCore.Base" name="@AfterMethod driverQuit" time="0.0">
    <skipped/>
  </testcase> <!-- @AfterMethod driverQuit -->
  <testcase classname="testScript.HomeTest" name="whetherUserisAbletoLogout" time="0.001">
    <skipped/>
  </testcase> <!-- whetherUserisAbletoLogout -->
</testsuite> <!-- ChromeTest -->
